<?xml version="1.0" encoding="UTF-8" standalone="no"?>
<!DOCTYPE log SYSTEM "logger.dtd">
<log>
<record>
  <date>2020-02-04T15:51:39</date>
  <millis>1580806299165</millis>
  <sequence>0</sequence>
  <level>START</level>
  <class>com.kms.katalon.core.logging.XmlKeywordLogger</class>
  <method>startSuite</method>
  <thread>1</thread>
  <message>Start Test Suite : Test Suites/add</message>
  <nestedLevel>0</nestedLevel>
  <property name="name">add</property>
  <property name="description"></property>
  <property name="id">Test Suites/add</property>
</record>
<record>
  <date>2020-02-04T15:51:39</date>
  <millis>1580806299197</millis>
  <sequence>1</sequence>
  <level>RUN_DATA</level>
  <class>com.kms.katalon.core.logging.XmlKeywordLogger</class>
  <method>logMessage</method>
  <thread>1</thread>
  <message>hostName = user - NDS-LPT-0080.mshome.net</message>
  <nestedLevel>0</nestedLevel>
  <property name="hostName">user - NDS-LPT-0080.mshome.net</property>
</record>
<record>
  <date>2020-02-04T15:51:39</date>
  <millis>1580806299199</millis>
  <sequence>2</sequence>
  <level>RUN_DATA</level>
  <class>com.kms.katalon.core.logging.XmlKeywordLogger</class>
  <method>logMessage</method>
  <thread>1</thread>
  <message>os = Windows 10 64bit</message>
  <nestedLevel>0</nestedLevel>
  <property name="os">Windows 10 64bit</property>
</record>
<record>
  <date>2020-02-04T15:51:39</date>
  <millis>1580806299200</millis>
  <sequence>3</sequence>
  <level>RUN_DATA</level>
  <class>com.kms.katalon.core.logging.XmlKeywordLogger</class>
  <method>logMessage</method>
  <thread>1</thread>
  <message>hostAddress = 192.168.137.1</message>
  <nestedLevel>0</nestedLevel>
  <property name="hostAddress">192.168.137.1</property>
</record>
<record>
  <date>2020-02-04T15:51:39</date>
  <millis>1580806299201</millis>
  <sequence>4</sequence>
  <level>RUN_DATA</level>
  <class>com.kms.katalon.core.logging.XmlKeywordLogger</class>
  <method>logMessage</method>
  <thread>1</thread>
  <message>katalonVersion = 6.3.3.11</message>
  <nestedLevel>0</nestedLevel>
  <property name="katalonVersion">6.3.3.11</property>
</record>
<record>
  <date>2020-02-04T15:51:39</date>
  <millis>1580806299694</millis>
  <sequence>5</sequence>
  <level>START</level>
  <class>com.kms.katalon.core.logging.XmlKeywordLogger</class>
  <method>startTest</method>
  <thread>1</thread>
  <message>Start Test Case : Test Cases/Referensi Laporan/Tipe Kantor Add</message>
  <nestedLevel>1</nestedLevel>
  <property name="name">Test Cases/Referensi Laporan/Tipe Kantor Add</property>
  <property name="description"></property>
  <property name="id">Test Cases/Referensi Laporan/Tipe Kantor Add</property>
  <property name="source">D:\\poject\\goaml2\\Katalon\\GoAML\\Test Cases\\Referensi Laporan\\Tipe Kantor Add.tc</property>
  <property name="tag"></property>
  <property name="isOptional">false</property>
</record>
<record>
  <date>2020-02-04T15:51:39</date>
  <millis>1580806299773</millis>
  <sequence>7</sequence>
  <level>INFO</level>
  <class>com.kms.katalon.core.logging.XmlKeywordLogger</class>
  <method>logMessage</method>
  <thread>1</thread>
  <message>variable = 00001</message>
  <nestedLevel>1</nestedLevel>
</record>
<record>
  <date>2020-02-04T15:51:39</date>
  <millis>1580806299777</millis>
  <sequence>8</sequence>
  <level>INFO</level>
  <class>com.kms.katalon.core.logging.XmlKeywordLogger</class>
  <method>logMessage</method>
  <thread>1</thread>
  <message>variable_0 = Tes Add 00001</message>
  <nestedLevel>1</nestedLevel>
</record>
<record>
  <date>2020-02-04T15:51:39</date>
  <millis>1580806299777</millis>
  <sequence>9</sequence>
  <level>INFO</level>
  <class>com.kms.katalon.core.logging.XmlKeywordLogger</class>
  <method>logMessage</method>
  <thread>1</thread>
  <message>variable_1 = Keterangan 00001</message>
  <nestedLevel>1</nestedLevel>
</record>
